This is pdfTeX, Version 3.14159265-2.6-1.40.21 (MiKTeX 2.9.7350) (preloaded format=pdflatex 2020.4.25)  18 AUG 2020 10:01
entering extended mode
**./dnpLab.tex
(dnpLab.tex
LaTeX2e <2020-02-02> patch level 5
L3 programming layer <2020-04-06> (sphinxmanual.cls
Document Class: sphinxmanual 2019/12/01 v2.3.0 Document class (Sphinx manual)

("/Users/tmaly/Library/Application Support/MiKTeX/texmfs/install/tex/latex/base
/report.cls"
Document Class: report 2019/12/20 v1.4l Standard LaTeX document class

("/Users/tmaly/Library/Application Support/MiKTeX/texmfs/install/tex/latex/base
/size10.clo"
File: size10.clo 2019/12/20 v1.4l Standard LaTeX file (size option)
)
\c@part=\count167
\c@chapter=\count168
\c@section=\count169
\c@subsection=\count170
\c@subsubsection=\count171
\c@paragraph=\count172
\c@subparagraph=\count173
\c@figure=\count174
\c@table=\count175
\abovecaptionskip=\skip47
\belowcaptionskip=\skip48
\bibindent=\dimen134
)
LaTeX Info: Redefining \and on input line 35.
)
("/Users/tmaly/Library/Application Support/MiKTeX/texmfs/install/tex/latex/base
/inputenc.sty"
Package: inputenc 2018/08/11 v1.3c Input encoding file
\inpenc@prehook=\toks15
\inpenc@posthook=\toks16
)
   defining Unicode char U+00A0 (decimal 160)
   defining Unicode char U+2500 (decimal 9472)
   defining Unicode char U+2502 (decimal 9474)
   defining Unicode char U+2514 (decimal 9492)
   defining Unicode char U+251C (decimal 9500)
   defining Unicode char U+2572 (decimal 9586)

("/Users/tmaly/Library/Application Support/MiKTeX/texmfs/install/tex/latex/cmap
/cmap.sty"
Package: cmap 2008/03/06 v1.0h CMap support: searchable PDF
)
("/Users/tmaly/Library/Application Support/MiKTeX/texmfs/install/tex/latex/base
/fontenc.sty"
Package: fontenc 2020/02/11 v2.0o Standard LaTeX package
<<t1.cmap>>)
("/Users/tmaly/Library/Application Support/MiKTeX/texmfs/install/tex/latex/amsm
ath/amsmath.sty"
Package: amsmath 2020/01/20 v2.17e AMS math features
\@mathmargin=\skip49

For additional information on amsmath, use the `?' option.

("/Users/tmaly/Library/Application Support/MiKTeX/texmfs/install/tex/latex/amsm
ath/amstext.sty"
Package: amstext 2000/06/29 v2.01 AMS text

("/Users/tmaly/Library/Application Support/MiKTeX/texmfs/install/tex/latex/amsm
ath/amsgen.sty"
File: amsgen.sty 1999/11/30 v2.0 generic functions
\@emptytoks=\toks17
\ex@=\dimen135
))
("/Users/tmaly/Library/Application Support/MiKTeX/texmfs/install/tex/latex/amsm
ath/amsbsy.sty"
Package: amsbsy 1999/11/29 v1.2d Bold Symbols
\pmbraise@=\dimen136
)
("/Users/tmaly/Library/Application Support/MiKTeX/texmfs/install/tex/latex/amsm
ath/amsopn.sty"
Package: amsopn 2016/03/08 v2.02 operator names
)
\inf@bad=\count176
LaTeX Info: Redefining \frac on input line 227.
\uproot@=\count177
\leftroot@=\count178
LaTeX Info: Redefining \overline on input line 389.
\classnum@=\count179
\DOTSCASE@=\count180
LaTeX Info: Redefining \ldots on input line 486.
LaTeX Info: Redefining \dots on input line 489.
LaTeX Info: Redefining \cdots on input line 610.
\Mathstrutbox@=\box45
\strutbox@=\box46
\big@size=\dimen137
LaTeX Font Info:    Redeclaring font encoding OML on input line 733.
LaTeX Font Info:    Redeclaring font encoding OMS on input line 734.
\macc@depth=\count181
\c@MaxMatrixCols=\count182
\dotsspace@=\muskip16
\c@parentequation=\count183
\dspbrk@lvl=\count184
\tag@help=\toks18
\row@=\count185
\column@=\count186
\maxfields@=\count187
\andhelp@=\toks19
\eqnshift@=\dimen138
\alignsep@=\dimen139
\tagshift@=\dimen140
\tagwidth@=\dimen141
\totwidth@=\dimen142
\lineht@=\dimen143
\@envbody=\toks20
\multlinegap=\skip50
\multlinetaggap=\skip51
\mathdisplay@stack=\toks21
LaTeX Info: Redefining \[ on input line 2859.
LaTeX Info: Redefining \] on input line 2860.
)
("/Users/tmaly/Library/Application Support/MiKTeX/texmfs/install/tex/latex/amsf
onts/amssymb.sty"
Package: amssymb 2013/01/14 v3.01 AMS font symbols

("/Users/tmaly/Library/Application Support/MiKTeX/texmfs/install/tex/latex/amsf
onts/amsfonts.sty"
Package: amsfonts 2013/01/14 v3.01 Basic AMSFonts support
\symAMSa=\mathgroup4
\symAMSb=\mathgroup5
LaTeX Font Info:    Redeclaring math symbol \hbar on input line 98.
LaTeX Font Info:    Overwriting math alphabet `\mathfrak' in version `bold'
(Font)                  U/euf/m/n --> U/euf/b/n on input line 106.
))
("/Users/tmaly/Library/Application Support/MiKTeX/texmfs/install/tex/generic/ba
bel/babel.sty"
Package: babel 2020/03/22 3.42 The Babel package

("/Users/tmaly/Library/Application Support/MiKTeX/texmfs/install/tex/generic/ba
bel/switch.def"
File: switch.def 2020/03/22 3.42 Babel switching mechanism
)
*************************************
* Local config file bblopts.cfg used
*

("/Users/tmaly/Library/Application Support/MiKTeX/texmfs/install/tex/latex/arab
i/bblopts.cfg"
File: bblopts.cfg 2005/09/08 v0.1 add Arabic and Farsi to "declared" options of
 babel
)
("/Users/tmaly/Library/Application Support/MiKTeX/texmfs/install/tex/latex/babe
l-english/english.ldf"
Language: english 2017/06/06 v3.3r English support from the babel system

("/Users/tmaly/Library/Application Support/MiKTeX/texmfs/install/tex/generic/ba
bel/babel.def"
File: babel.def 2020/03/22 3.42 Babel common definitions
\babel@savecnt=\count188
\U@D=\dimen144

("/Users/tmaly/Library/Application Support/MiKTeX/texmfs/install/tex/generic/ba
bel/txtbabel.def")
\bbl@readstream=\read2
\bbl@dirlevel=\count189
)))
("/Users/tmaly/Library/Application Support/MiKTeX/texmfs/install/tex/latex/psnf
ss/times.sty"
Package: times 2020/03/25 PSNFSS-v9.3 (SPQR) 
)
("/Users/tmaly/Library/Application Support/MiKTeX/texmfs/install/tex/latex/fncy
chap/fncychap.sty"
Package: fncychap 2007/07/30 v1.34 LaTeX package (Revised chapters)
\RW=\skip52
\mylen=\skip53
\myhi=\skip54
\px=\skip55
\py=\skip56
\pyy=\skip57
\pxx=\skip58
) (sphinx.sty
Package: sphinx 2019/09/02 v2.3.0 LaTeX package (Sphinx markup)

("/Users/tmaly/Library/Application Support/MiKTeX/texmfs/install/tex/generic/lt
xcmds/ltxcmds.sty"
Package: ltxcmds 2019/12/15 v1.24 LaTeX kernel commands for general use (HO)
)
("/Users/tmaly/Library/Application Support/MiKTeX/texmfs/install/tex/latex/grap
hics/graphicx.sty"
Package: graphicx 2019/11/30 v1.2a Enhanced LaTeX Graphics (DPC,SPQR)

("/Users/tmaly/Library/Application Support/MiKTeX/texmfs/install/tex/latex/grap
hics/keyval.sty"
Package: keyval 2014/10/28 v1.15 key=value parser (DPC)
\KV@toks@=\toks22
)
("/Users/tmaly/Library/Application Support/MiKTeX/texmfs/install/tex/latex/grap
hics/graphics.sty"
Package: graphics 2019/11/30 v1.4a Standard LaTeX Graphics (DPC,SPQR)

("/Users/tmaly/Library/Application Support/MiKTeX/texmfs/install/tex/latex/grap
hics/trig.sty"
Package: trig 2016/01/03 v1.10 sin cos tan (DPC)
)
("/Users/tmaly/Library/Application Support/MiKTeX/texmfs/install/tex/latex/grap
hics-cfg/graphics.cfg"
File: graphics.cfg 2016/06/04 v1.11 sample graphics configuration
)
Package graphics Info: Driver file: pdftex.def on input line 105.

("/Users/tmaly/Library/Application Support/MiKTeX/texmfs/install/tex/latex/grap
hics-def/pdftex.def"
File: pdftex.def 2018/01/08 v1.0l Graphics/color driver for pdftex
))
\Gin@req@height=\dimen145
\Gin@req@width=\dimen146
)
("/Users/tmaly/Library/Application Support/MiKTeX/texmfs/install/tex/latex/fanc
yhdr/fancyhdr.sty"
Package: fancyhdr 2019/01/31 v3.10 Extensive control of page headers and footer
s
\f@nch@headwidth=\skip59
\f@nch@O@elh=\skip60
\f@nch@O@erh=\skip61
\f@nch@O@olh=\skip62
\f@nch@O@orh=\skip63
\f@nch@O@elf=\skip64
\f@nch@O@erf=\skip65
\f@nch@O@olf=\skip66
\f@nch@O@orf=\skip67
)
("/Users/tmaly/Library/Application Support/MiKTeX/texmfs/install/tex/latex/base
/textcomp.sty"
Package: textcomp 2020/02/02 v2.0n Standard LaTeX package
)
("/Users/tmaly/Library/Application Support/MiKTeX/texmfs/install/tex/latex/titl
esec/titlesec.sty"
Package: titlesec 2019/10/16 v2.13 Sectioning titles
\ttl@box=\box47
\beforetitleunit=\skip68
\aftertitleunit=\skip69
\ttl@plus=\dimen147
\ttl@minus=\dimen148
\ttl@toksa=\toks23
\titlewidth=\dimen149
\titlewidthlast=\dimen150
\titlewidthfirst=\dimen151
)
("/Users/tmaly/Library/Application Support/MiKTeX/texmfs/install/tex/latex/tabu
lary/tabulary.sty"
Package: tabulary 2014/06/11 v0.10 tabulary package (DPC)

("/Users/tmaly/Library/Application Support/MiKTeX/texmfs/install/tex/latex/tool
s/array.sty"
Package: array 2019/08/31 v2.4l Tabular extension package (FMi)
\col@sep=\dimen152
\ar@mcellbox=\box48
\extrarowheight=\dimen153
\NC@list=\toks24
\extratabsurround=\skip70
\backup@length=\skip71
\ar@cellbox=\box49
)
\TY@count=\count190
\TY@linewidth=\dimen154
\tymin=\dimen155
\tymax=\dimen156
\TY@tablewidth=\dimen157
)
("/Users/tmaly/Library/Application Support/MiKTeX/texmfs/install/tex/latex/tool
s/longtable.sty"
Package: longtable 2020/01/07 v4.13 Multi-page Table package (DPC)
\LTleft=\skip72
\LTright=\skip73
\LTpre=\skip74
\LTpost=\skip75
\LTchunksize=\count191
\LTcapwidth=\dimen158
\LT@head=\box50
\LT@firsthead=\box51
\LT@foot=\box52
\LT@lastfoot=\box53
\LT@cols=\count192
\LT@rows=\count193
\c@LT@tables=\count194
\c@LT@chunks=\count195
\LT@p@ftn=\toks25
)
("/Users/tmaly/Library/Application Support/MiKTeX/texmfs/install/tex/latex/varw
idth/varwidth.sty"
Package: varwidth 2009/03/30 ver 0.92;  Variable-width minipages
\@vwid@box=\box54
\sift@deathcycles=\count196
\@vwid@loff=\dimen159
\@vwid@roff=\dimen160
) (sphinxmulticell.sty
Package: sphinxmulticell 2017/02/23 v1.6 better span rows and columns of a tabl
e (Sphinx team)
\sphinx@TY@tablewidth=\dimen161
)
("/Users/tmaly/Library/Application Support/MiKTeX/texmfs/install/tex/latex/base
/makeidx.sty"
Package: makeidx 2014/09/29 v1.0m Standard LaTeX package
)
("/Users/tmaly/Library/Application Support/MiKTeX/texmfs/install/tex/latex/fram
ed/framed.sty"
Package: framed 2011/10/22 v 0.96: framed or shaded text with page breaks
\OuterFrameSep=\skip76
\fb@frw=\dimen162
\fb@frh=\dimen163
\FrameRule=\dimen164
\FrameSep=\dimen165
)
("/Users/tmaly/Library/Application Support/MiKTeX/texmfs/install/tex/latex/xcol
or/xcolor.sty"
Package: xcolor 2016/05/11 v2.12 LaTeX color extensions (UK)

("/Users/tmaly/Library/Application Support/MiKTeX/texmfs/install/tex/latex/grap
hics-cfg/color.cfg"
File: color.cfg 2016/01/02 v1.6 sample color configuration
)
Package xcolor Info: Driver file: pdftex.def on input line 225.
Package xcolor Info: Model `cmy' substituted by `cmy0' on input line 1348.
Package xcolor Info: Model `hsb' substituted by `rgb' on input line 1352.
Package xcolor Info: Model `RGB' extended on input line 1364.
Package xcolor Info: Model `HTML' substituted by `rgb' on input line 1366.
Package xcolor Info: Model `Hsb' substituted by `hsb' on input line 1367.
Package xcolor Info: Model `tHsb' substituted by `hsb' on input line 1368.
Package xcolor Info: Model `HSB' substituted by `hsb' on input line 1369.
Package xcolor Info: Model `Gray' substituted by `gray' on input line 1370.
Package xcolor Info: Model `wave' substituted by `hsb' on input line 1371.
)
("/Users/tmaly/Library/Application Support/MiKTeX/texmfs/install/tex/latex/fanc
yvrb/fancyvrb.sty"
Package: fancyvrb 2020/01/13 v3.5 verbatim text (tvz,hv)
\FV@CodeLineNo=\count197
\FV@InFile=\read3
\FV@TabBox=\box55
\c@FancyVerbLine=\count198
\FV@StepNumber=\count199
\FV@OutFile=\write3
) (footnotehyper-sphinx.sty
Package: footnotehyper-sphinx 2017/10/27 v1.7 hyperref aware footnote.sty for s
phinx (JFB)
\FNH@notes=\box56
\FNH@width=\dimen166
)
("/Users/tmaly/Library/Application Support/MiKTeX/texmfs/install/tex/latex/floa
t/float.sty"
Package: float 2001/11/08 v1.3d Float enhancements (AL)
\c@float@type=\count266
\float@exts=\toks26
\float@box=\box57
\@float@everytoks=\toks27
\@floatcapt=\box58
)
("/Users/tmaly/Library/Application Support/MiKTeX/texmfs/install/tex/latex/wrap
fig/wrapfig.sty"
\wrapoverhang=\dimen167
\WF@size=\dimen168
\c@WF@wrappedlines=\count267
\WF@box=\box59
\WF@everypar=\toks28
Package: wrapfig 2003/01/31  v 3.6
)
("/Users/tmaly/Library/Application Support/MiKTeX/texmfs/install/tex/latex/pars
kip/parskip.sty"
Rollback for package 'parskip' requested -> version 'v1'.
         This corresponds to the release introduced on 2001-04-09.

("/Users/tmaly/Library/Application Support/MiKTeX/texmfs/install/tex/latex/pars
kip/parskip-2001-04-09.sty"
Package: parskip 2001/04/09 non-zero parskip adjustments
))
("/Users/tmaly/Library/Application Support/MiKTeX/texmfs/install/tex/latex/base
/alltt.sty"
Package: alltt 1997/06/16 v2.0g defines alltt environment
)
("/Users/tmaly/Library/Application Support/MiKTeX/texmfs/install/tex/latex/upqu
ote/upquote.sty"
Package: upquote 2012/04/19 v1.3 upright-quote and grave-accent glyphs in verba
tim
)
("/Users/tmaly/Library/Application Support/MiKTeX/texmfs/install/tex/latex/capt
-of/capt-of.sty"
Package: capt-of 2009/12/29 v0.2 standard captions outside of floats
)
("/Users/tmaly/Library/Application Support/MiKTeX/texmfs/install/tex/latex/need
space/needspace.sty"
Package: needspace 2010/09/12 v1.3d reserve vertical space
) (sphinxhighlight.sty
Package: sphinxhighlight 2016/05/29 stylesheet for highlighting with pygments
)
("/Users/tmaly/Library/Application Support/MiKTeX/texmfs/install/tex/latex/kvop
tions/kvoptions.sty"
Package: kvoptions 2019/11/29 v3.13 Key value format for package options (HO)

("/Users/tmaly/Library/Application Support/MiKTeX/texmfs/install/tex/generic/kv
setkeys/kvsetkeys.sty"
Package: kvsetkeys 2019/12/15 v1.18 Key value parser (HO)
))
\sphinxverbatimsep=\dimen169
\sphinxverbatimborder=\dimen170
\sphinxshadowsep=\dimen171
\sphinxshadowsize=\dimen172
\sphinxshadowrule=\dimen173
\spx@notice@border=\dimen174
\spx@image@maxheight=\dimen175
\spx@image@box=\dimen176
\c@literalblock=\count268
\sphinxcontinuationbox=\box60
\sphinxvisiblespacebox=\box61
\sphinxVerbatim@TitleBox=\box62
\sphinxVerbatim@ContentsBox=\box63
\py@argswidth=\skip77
\lineblockindentation=\skip78
\DUlineblockindent=\skip79
)
("/Users/tmaly/Library/Application Support/MiKTeX/texmfs/install/tex/latex/geom
etry/geometry.sty"
Package: geometry 2020/01/02 v5.9 Page Geometry

("/Users/tmaly/Library/Application Support/MiKTeX/texmfs/install/tex/generic/if
tex/ifvtex.sty"
Package: ifvtex 2019/10/25 v1.7 ifvtex legacy package. Use iftex instead.

("/Users/tmaly/Library/Application Support/MiKTeX/texmfs/install/tex/generic/if
tex/iftex.sty"
Package: iftex 2020/03/06 v1.0d TeX engine tests
))
\Gm@cnth=\count269
\Gm@cntv=\count270
\c@Gm@tempcnt=\count271
\Gm@bindingoffset=\dimen177
\Gm@wd@mp=\dimen178
\Gm@odd@mp=\dimen179
\Gm@even@mp=\dimen180
\Gm@layoutwidth=\dimen181
\Gm@layoutheight=\dimen182
\Gm@layouthoffset=\dimen183
\Gm@layoutvoffset=\dimen184
\Gm@dimlist=\toks29

("/Users/tmaly/Library/Application Support/MiKTeX/texmfs/install/tex/latex/geom
etry/geometry.cfg"))
("/Users/tmaly/Library/Application Support/MiKTeX/texmfs/install/tex/latex/hype
rref/hyperref.sty"
Package: hyperref 2020/01/14 v7.00d Hypertext links for LaTeX

("/Users/tmaly/Library/Application Support/MiKTeX/texmfs/install/tex/latex/pdft
excmds/pdftexcmds.sty"
Package: pdftexcmds 2019/11/24 v0.31 Utility functions of pdfTeX for LuaTeX (HO
)

("/Users/tmaly/Library/Application Support/MiKTeX/texmfs/install/tex/generic/in
fwarerr/infwarerr.sty"
Package: infwarerr 2019/12/03 v1.5 Providing info/warning/error messages (HO)
)
Package pdftexcmds Info: \pdf@primitive is available.
Package pdftexcmds Info: \pdf@ifprimitive is available.
Package pdftexcmds Info: \pdfdraftmode found.
)
("/Users/tmaly/Library/Application Support/MiKTeX/texmfs/install/tex/generic/kv
definekeys/kvdefinekeys.sty"
Package: kvdefinekeys 2019-12-19 v1.6 Define keys (HO)
)
("/Users/tmaly/Library/Application Support/MiKTeX/texmfs/install/tex/generic/pd
fescape/pdfescape.sty"
Package: pdfescape 2019/12/09 v1.15 Implements pdfTeX's escape features (HO)
)
("/Users/tmaly/Library/Application Support/MiKTeX/texmfs/install/tex/latex/hyco
lor/hycolor.sty"
Package: hycolor 2020-01-27 v1.10 Color options for hyperref/bookmark (HO)
)
("/Users/tmaly/Library/Application Support/MiKTeX/texmfs/install/tex/latex/letl
txmacro/letltxmacro.sty"
Package: letltxmacro 2019/12/03 v1.6 Let assignment for LaTeX macros (HO)
)
("/Users/tmaly/Library/Application Support/MiKTeX/texmfs/install/tex/latex/auxh
ook/auxhook.sty"
Package: auxhook 2019-12-17 v1.6 Hooks for auxiliary files (HO)
)
\@linkdim=\dimen185
\Hy@linkcounter=\count272
\Hy@pagecounter=\count273

("/Users/tmaly/Library/Application Support/MiKTeX/texmfs/install/tex/latex/hype
rref/pd1enc.def"
File: pd1enc.def 2020/01/14 v7.00d Hyperref: PDFDocEncoding definition (HO)
Now handling font encoding PD1 ...
... no UTF-8 mapping file for font encoding PD1
)
("/Users/tmaly/Library/Application Support/MiKTeX/texmfs/install/tex/generic/in
tcalc/intcalc.sty"
Package: intcalc 2019/12/15 v1.3 Expandable calculations with integers (HO)
)
("/Users/tmaly/Library/Application Support/MiKTeX/texmfs/install/tex/generic/et
excmds/etexcmds.sty"
Package: etexcmds 2019/12/15 v1.7 Avoid name clashes with e-TeX commands (HO)
)
\Hy@SavedSpaceFactor=\count274
Package hyperref Info: Option `unicode' set `true' on input line 4421.

("/Users/tmaly/Library/Application Support/MiKTeX/texmfs/install/tex/latex/hype
rref/puenc.def"
File: puenc.def 2020/01/14 v7.00d Hyperref: PDF Unicode definition (HO)
Now handling font encoding PU ...
... no UTF-8 mapping file for font encoding PU
)
Package hyperref Info: Option `colorlinks' set `true' on input line 4421.
Package hyperref Info: Option `breaklinks' set `true' on input line 4421.
Package hyperref Info: Hyper figures OFF on input line 4547.
Package hyperref Info: Link nesting OFF on input line 4552.
Package hyperref Info: Hyper index ON on input line 4555.
Package hyperref Info: Plain pages OFF on input line 4562.
Package hyperref Info: Backreferencing OFF on input line 4567.
Package hyperref Info: Implicit mode ON; LaTeX internals redefined.
Package hyperref Info: Bookmarks ON on input line 4800.
\c@Hy@tempcnt=\count275

("/Users/tmaly/Library/Application Support/MiKTeX/texmfs/install/tex/latex/url/
url.sty"
\Urlmuskip=\muskip17
Package: url 2013/09/16  ver 3.4  Verb mode for urls, etc.
)
LaTeX Info: Redefining \url on input line 5159.
\XeTeXLinkMargin=\dimen186

("/Users/tmaly/Library/Application Support/MiKTeX/texmfs/install/tex/generic/bi
tset/bitset.sty"
Package: bitset 2019/12/09 v1.3 Handle bit-vector datatype (HO)

("/Users/tmaly/Library/Application Support/MiKTeX/texmfs/install/tex/generic/bi
gintcalc/bigintcalc.sty"
Package: bigintcalc 2019/12/15 v1.5 Expandable calculations on big integers (HO
)
))
\Fld@menulength=\count276
\Field@Width=\dimen187
\Fld@charsize=\dimen188
Package hyperref Info: Hyper figures OFF on input line 6430.
Package hyperref Info: Link nesting OFF on input line 6435.
Package hyperref Info: Hyper index ON on input line 6438.
Package hyperref Info: backreferencing OFF on input line 6445.
Package hyperref Info: Link coloring ON on input line 6448.
Package hyperref Info: Link coloring with OCG OFF on input line 6455.
Package hyperref Info: PDF/A mode OFF on input line 6460.
LaTeX Info: Redefining \ref on input line 6500.
LaTeX Info: Redefining \pageref on input line 6504.

("/Users/tmaly/Library/Application Support/MiKTeX/texmfs/install/tex/generic/at
begshi/atbegshi.sty"
Package: atbegshi 2019/12/05 v1.19 At begin shipout hook (HO)
)
\Hy@abspage=\count277
\c@Item=\count278
\c@Hfootnote=\count279
)
Package hyperref Info: Driver (autodetected): hpdftex.

("/Users/tmaly/Library/Application Support/MiKTeX/texmfs/install/tex/latex/hype
rref/hpdftex.def"
File: hpdftex.def 2020/01/14 v7.00d Hyperref driver for pdfTeX

("/Users/tmaly/Library/Application Support/MiKTeX/texmfs/install/tex/latex/atve
ryend/atveryend.sty"
Package: atveryend 2019-12-11 v1.11 Hooks at the very end of document (HO)
Package atveryend Info: \enddocument detected (standard20110627).
)
\Fld@listcount=\count280
\c@bookmark@seq@number=\count281

("/Users/tmaly/Library/Application Support/MiKTeX/texmfs/install/tex/latex/reru
nfilecheck/rerunfilecheck.sty"
Package: rerunfilecheck 2019/12/05 v1.9 Rerun checks for auxiliary files (HO)

("/Users/tmaly/Library/Application Support/MiKTeX/texmfs/install/tex/generic/un
iquecounter/uniquecounter.sty"
Package: uniquecounter 2019/12/15 v1.4 Provide unlimited unique counter (HO)
)
Package uniquecounter Info: New unique counter `rerunfilecheck' on input line 2
86.
)
\Hy@SectionHShift=\skip80
)
("/Users/tmaly/Library/Application Support/MiKTeX/texmfs/install/tex/latex/ober
diek/hypcap.sty"
Package: hypcap 2016/05/16 v1.12 Adjusting the anchors of captions (HO)
) (sphinxmessages.sty
Package: sphinxmessages 2019/01/04 v2.0 Localized LaTeX macros (Sphinx team)
)
\@indexfile=\write4
\openout4 = `dnpLab.idx'.


Writing index file dnpLab.idx

("/Users/tmaly/Library/Application Support/MiKTeX/texmfs/install/tex/latex/l3ba
ckend/l3backend-pdfmode.def"
File: l3backend-pdfmode.def 2020-03-12 L3 backend support: PDF mode
\l__kernel_color_stack_int=\count282
\l__pdf_internal_box=\box64
) (dnpLab.aux)
\openout1 = `dnpLab.aux'.

LaTeX Font Info:    Checking defaults for OML/cmm/m/it on input line 84.
LaTeX Font Info:    ... okay on input line 84.
LaTeX Font Info:    Checking defaults for OMS/cmsy/m/n on input line 84.
LaTeX Font Info:    ... okay on input line 84.
LaTeX Font Info:    Checking defaults for OT1/cmr/m/n on input line 84.
LaTeX Font Info:    ... okay on input line 84.
LaTeX Font Info:    Checking defaults for T1/cmr/m/n on input line 84.
LaTeX Font Info:    ... okay on input line 84.
LaTeX Font Info:    Checking defaults for TS1/cmr/m/n on input line 84.
LaTeX Font Info:    ... okay on input line 84.
LaTeX Font Info:    Checking defaults for OMX/cmex/m/n on input line 84.
LaTeX Font Info:    ... okay on input line 84.
LaTeX Font Info:    Checking defaults for U/cmr/m/n on input line 84.
LaTeX Font Info:    ... okay on input line 84.
LaTeX Font Info:    Checking defaults for PD1/pdf/m/n on input line 84.
LaTeX Font Info:    ... okay on input line 84.
LaTeX Font Info:    Checking defaults for PU/pdf/m/n on input line 84.
LaTeX Font Info:    ... okay on input line 84.
LaTeX Font Info:    Trying to load font information for T1+ptm on input line 84
.

("/Users/tmaly/Library/Application Support/MiKTeX/texmfs/install/tex/latex/psnf
ss/t1ptm.fd"
File: t1ptm.fd 2001/06/04 font definitions for T1/ptm.
)
("/Users/tmaly/Library/Application Support/MiKTeX/texmfs/install/tex/context/ba
se/mkii/supp-pdf.mkii"
[Loading MPS to PDF converter (version 2006.09.02).]
\scratchcounter=\count283
\scratchdimen=\dimen189
\scratchbox=\box65
\nofMPsegments=\count284
\nofMParguments=\count285
\everyMPshowfont=\toks30
\MPscratchCnt=\count286
\MPscratchDim=\dimen190
\MPnumerator=\count287
\makeMPintoPDFobject=\count288
\everyMPtoPDFconversion=\toks31
)
("/Users/tmaly/Library/Application Support/MiKTeX/texmfs/install/tex/latex/epst
opdf-pkg/epstopdf-base.sty"
Package: epstopdf-base 2020-01-24 v2.11 Base part for package epstopdf
Package epstopdf-base Info: Redefining graphics rule for `.eps' on input line 4
85.
)
*geometry* driver: auto-detecting
*geometry* detected driver: pdftex
*geometry* verbose mode - [ preamble ] result:
* driver: pdftex
* paper: letterpaper
* layout: <same size as paper>
* layoutoffset:(h,v)=(0.0pt,0.0pt)
* modes: twoside 
* h-part:(L,W,R)=(72.26999pt, 469.75502pt, 72.26999pt)
* v-part:(T,H,B)=(72.26999pt, 650.43001pt, 72.26999pt)
* \paperwidth=614.295pt
* \paperheight=794.96999pt
* \textwidth=469.75502pt
* \textheight=650.43001pt
* \oddsidemargin=0.0pt
* \evensidemargin=0.0pt
* \topmargin=-37.0pt
* \headheight=12.0pt
* \headsep=25.0pt
* \topskip=10.0pt
* \footskip=30.0pt
* \marginparwidth=36.135pt
* \marginparsep=11.0pt
* \columnsep=10.0pt
* \skip\footins=9.0pt plus 4.0pt minus 2.0pt
* \hoffset=0.0pt
* \voffset=0.0pt
* \mag=1000
* \@twocolumnfalse
* \@twosidetrue
* \@mparswitchtrue
* \@reversemarginfalse
* (1in=72.27pt=25.4mm, 1cm=28.453pt)

\AtBeginShipoutBox=\box66
Package hyperref Info: Link coloring ON on input line 84.

("/Users/tmaly/Library/Application Support/MiKTeX/texmfs/install/tex/latex/hype
rref/nameref.sty"
Package: nameref 2019/09/16 v2.46 Cross-referencing by name of section

("/Users/tmaly/Library/Application Support/MiKTeX/texmfs/install/tex/latex/refc
ount/refcount.sty"
Package: refcount 2019/12/15 v3.6 Data extraction from label references (HO)
)
("/Users/tmaly/Library/Application Support/MiKTeX/texmfs/install/tex/generic/ge
ttitlestring/gettitlestring.sty"
Package: gettitlestring 2019/12/15 v1.6 Cleanup title references (HO)
)
\c@section@level=\count289
)
LaTeX Info: Redefining \ref on input line 84.
LaTeX Info: Redefining \pageref on input line 84.
LaTeX Info: Redefining \nameref on input line 84.
 (dnpLab.out) (dnpLab.out)
\@outlinefile=\write5
\openout5 = `dnpLab.out'.

Package hyperref Info: Option `pageanchor' set `false' on input line 92.
LaTeX Font Info:    Trying to load font information for T1+phv on input line 92
.

("/Users/tmaly/Library/Application Support/MiKTeX/texmfs/install/tex/latex/psnf
ss/t1phv.fd"
File: t1phv.fd 2020/03/25 scalable font definitions for T1/phv.
)
LaTeX Font Info:    Font shape `T1/phv/b/it' in size <10> not available
(Font)              Font shape `T1/phv/b/sl' tried instead on input line 92.
LaTeX Font Info:    Font shape `T1/phv/b/it' in size <17.28> not available
(Font)              Font shape `T1/phv/b/sl' tried instead on input line 92.
<<ot1.cmap>><<oml.cmap>><<oms.cmap>><<omx.cmap>>
LaTeX Font Info:    Trying to load font information for U+msa on input line 92.


("/Users/tmaly/Library/Application Support/MiKTeX/texmfs/install/tex/latex/amsf
onts/umsa.fd"
File: umsa.fd 2013/01/14 v3.01 AMS symbols A
)
LaTeX Font Info:    Trying to load font information for U+msb on input line 92.


("/Users/tmaly/Library/Application Support/MiKTeX/texmfs/install/tex/latex/amsf
onts/umsb.fd"
File: umsb.fd 2013/01/14 v3.01 AMS symbols B
) [1

{/Users/tmaly/Library/Application Support/MiKTeX/texmfs/data/pdftex/config/pdft
ex.map}] [2


] (dnpLab.toc)
\tf@toc=\write6
\openout6 = `dnpLab.toc'.

 [1

] [2

]
LaTeX Font Info:    Trying to load font information for TS1+ptm on input line 1
03.

("/Users/tmaly/Library/Application Support/MiKTeX/texmfs/install/tex/latex/psnf
ss/ts1ptm.fd"
File: ts1ptm.fd 2001/06/04 font definitions for TS1/ptm.
) [1] [2

]
Chapter 1.
[3]
<dnpLab_workflow.png, id=125, 446.1468pt x 602.25pt>
LaTeX Font Info:    Trying to load font information for T1+pcr on input line 19
7.

("/Users/tmaly/Library/Application Support/MiKTeX/texmfs/install/tex/latex/psnf
ss/t1pcr.fd"
File: t1pcr.fd 2001/06/04 font definitions for T1/pcr.
)
File: dnpLab_workflow.png Graphic file (type png)
<use dnpLab_workflow.png>
Package pdftex.def Info: dnpLab_workflow.png  used on input line 197.
(pdftex.def)             Requested size: 301.12305pt x 406.5012pt.
 [4 <./dnpLab_workflow.png>] [5]
LaTeX Font Info:    Font shape `T1/pcr/m/it' in size <9> not available
(Font)              Font shape `T1/pcr/m/sl' tried instead on input line 301.
LaTeX Font Info:    Trying to load font information for TS1+pcr on input line 3
05.

("/Users/tmaly/Library/Application Support/MiKTeX/texmfs/install/tex/latex/psnf
ss/ts1pcr.fd"
File: ts1pcr.fd 2001/06/04 font definitions for TS1/pcr.
) [6] [7]
<example_process_1dbruker_real.png, id=179, 462.528pt x 346.896pt>
File: example_process_1dbruker_real.png Graphic file (type png)
<use example_process_1dbruker_real.png>
Package pdftex.def Info: example_process_1dbruker_real.png  used on input line 
424.
(pdftex.def)             Requested size: 301.12305pt x 225.85023pt.
<example_FID_1dbruker_real.png, id=180, 462.528pt x 346.896pt>
File: example_FID_1dbruker_real.png Graphic file (type png)
<use example_FID_1dbruker_real.png>
Package pdftex.def Info: example_FID_1dbruker_real.png  used on input line 447.

(pdftex.def)             Requested size: 301.12305pt x 225.85023pt.
 [8 <./example_process_1dbruker_real.png>]
<example_process_IRbruker.png, id=188, 462.528pt x 346.896pt>
File: example_process_IRbruker.png Graphic file (type png)
<use example_process_IRbruker.png>
Package pdftex.def Info: example_process_IRbruker.png  used on input line 506.
(pdftex.def)             Requested size: 301.12305pt x 225.85023pt.
 [9 <./example_FID_1dbruker_real.png>]
<example_process_IRbuildup.png, id=196, 462.528pt x 346.896pt>
File: example_process_IRbuildup.png Graphic file (type png)
<use example_process_IRbuildup.png>
Package pdftex.def Info: example_process_IRbuildup.png  used on input line 536.

(pdftex.def)             Requested size: 301.12305pt x 225.85023pt.
 [10 <./example_process_IRbruker.png>] [11 <./example_process_IRbuildup.png>]
LaTeX Font Info:    Font shape `TS1/pcr/m/it' in size <9> not available
(Font)              Font shape `TS1/pcr/m/sl' tried instead on input line 643.
LaTeX Font Info:    Font shape `T1/pcr/m/it' in size <10> not available
(Font)              Font shape `T1/pcr/m/sl' tried instead on input line 679.
 [12]
Underfull \hbox (badness 10000) in paragraph at lines 767--768

 []


Package textcomp Warning: Symbol \textasciigrave not provided by
(textcomp)                font family ptm in TS1 encoding.
(textcomp)                Default family used instead on input line 792.

[13]
Underfull \hbox (badness 10000) in paragraph at lines 931--932

 []


Package textcomp Warning: Symbol \textasciigrave not provided by
(textcomp)                font family ptm in TS1 encoding.
(textcomp)                Default family used instead on input line 936.


Package textcomp Warning: Symbol \textasciigrave not provided by
(textcomp)                font family ptm in TS1 encoding.
(textcomp)                Default family used instead on input line 936.

[14] [15]
Underfull \hbox (badness 10000) in paragraph at lines 1185--1185
[]\T1/ptm/m/it/10 path\T1/ptm/m/n/10 , \T1/ptm/m/it/10 expNum=1\T1/ptm/m/n/10 ,
 \T1/ptm/m/it/10 titlePath=\TS1/ptm/m/it/10 '\T1/ptm/m/it/10 pdata/1\TS1/ptm/m/
it/10 '\T1/ptm/m/n/10 ,
 []

[16] [17]
Underfull \hbox (badness 10000) in paragraph at lines 1403--1403
[]\T1/ptm/m/it/10 path\T1/ptm/m/n/10 , \T1/ptm/m/it/10 expNum\T1/ptm/m/n/10 ,
 []

[18] [19] [20] [21] [22] [23]
Underfull \hbox (badness 10000) in paragraph at lines 2144--2146
[]\T1/pcr/b/n/10 after processing inversion recovery data, after
 []

[24]

! Package inputenc Error: Unicode character âˆ’ (U+2212)
(inputenc)                not set up for use with LaTeX.

See the inputenc package documentation for explanation.
Type  H <return>  for immediate help.
 ...                                              
                                                  
l.2258 ...s" J. Am. Chem. Soc. 2015, 137, 12013âˆ’
                                                  12023.
? 
[25]
Underfull \hbox (badness 10000) in paragraph at lines 2411--2411
[]\T1/ptm/m/it/10 T1: numpy.array\T1/ptm/m/n/10 , \T1/ptm/m/it/10 T1_power:
 []


Underfull \hbox (badness 10000) in paragraph at lines 2411--2411
\T1/ptm/m/it/10 numpy.array\T1/ptm/m/n/10 , \T1/ptm/m/it/10 E: numpy.array\T1/p
tm/m/n/10 ,
 []


Underfull \hbox (badness 10000) in paragraph at lines 2411--2411
\T1/ptm/m/it/10 E_power: numpy.array\T1/ptm/m/n/10 , \T1/ptm/m/it/10 hp:
 []


Overfull \hbox (8.88382pt too wide) in paragraph at lines 2411--2411
[][]\T1/ptm/m/n/10 dnpLab.dnpHydration.HydrationParameter[][]\T1/pcr/m/n/10 ) 
 []

[26]
LaTeX Font Info:    Font shape `T1/pcr/b/it' in size <10> not available
(Font)              Font shape `T1/pcr/b/sl' tried instead on input line 2559.
 [27] [28] [29]
<hydrationGUI_overview.png, id=457, 469.098pt x 306.4905pt>
File: hydrationGUI_overview.png Graphic file (type png)
<use hydrationGUI_overview.png>
Package pdftex.def Info: hydrationGUI_overview.png  used on input line 2975.
(pdftex.def)             Requested size: 301.12305pt x 196.7425pt.
 [30 <./hydrationGUI_overview.png>]
<hydrationGUI_importing_1d_2d.png, id=464, 470.0835pt x 191.187pt>
File: hydrationGUI_importing_1d_2d.png Graphic file (type png)
<use hydrationGUI_importing_1d_2d.png>
Package pdftex.def Info: hydrationGUI_importing_1d_2d.png  used on input line 2
987.
(pdftex.def)             Requested size: 301.12305pt x 122.47302pt.
<hydrationGUI_experiment_304.png, id=465, 469.098pt x 306.4905pt>
File: hydrationGUI_experiment_304.png Graphic file (type png)
<use hydrationGUI_experiment_304.png>
Package pdftex.def Info: hydrationGUI_experiment_304.png  used on input line 29
94.
(pdftex.def)             Requested size: 301.12305pt x 196.7425pt.
<hydrationGUI_importing_rbdnp1.png, id=466, 470.0835pt x 191.187pt>
File: hydrationGUI_importing_rbdnp1.png Graphic file (type png)
<use hydrationGUI_importing_rbdnp1.png>
Package pdftex.def Info: hydrationGUI_importing_rbdnp1.png  used on input line 
3006.
(pdftex.def)             Requested size: 301.12305pt x 122.47302pt.
<hydrationGUI_procesing_rbdnp1_data.png, id=467, 469.098pt x 306.4905pt>
File: hydrationGUI_procesing_rbdnp1_data.png Graphic file (type png)
<use hydrationGUI_procesing_rbdnp1_data.png>
Package pdftex.def Info: hydrationGUI_procesing_rbdnp1_data.png  used on input 
line 3015.
(pdftex.def)             Requested size: 301.12305pt x 196.7425pt.
 [31 <./hydrationGUI_importing_1d_2d.png> <./hydrationGUI_experiment_304.png>] 
[32 <./hydrationGUI_importing_rbdnp1.png> <./hydrationGUI_procesing_rbdnp1_data
.png>]
<hydrationGUI_ksigma.png, id=486, 469.098pt x 306.4905pt>
File: hydrationGUI_ksigma.png Graphic file (type png)
<use hydrationGUI_ksigma.png>
Package pdftex.def Info: hydrationGUI_ksigma.png  used on input line 3028.
(pdftex.def)             Requested size: 301.12305pt x 196.7425pt.
<hydrationGUI_previous_results1.png, id=487, 470.0835pt x 191.187pt>
File: hydrationGUI_previous_results1.png Graphic file (type png)
<use hydrationGUI_previous_results1.png>
Package pdftex.def Info: hydrationGUI_previous_results1.png  used on input line
 3044.
(pdftex.def)             Requested size: 301.12305pt x 122.47302pt.
<hydrationGUI_previous_results2.png, id=488, 470.0835pt x 191.187pt>
File: hydrationGUI_previous_results2.png Graphic file (type png)
<use hydrationGUI_previous_results2.png>
Package pdftex.def Info: hydrationGUI_previous_results2.png  used on input line
 3051.
(pdftex.def)             Requested size: 301.12305pt x 122.47302pt.
<hydrationGUI_results_from_h5.png, id=489, 469.098pt x 306.4905pt>
File: hydrationGUI_results_from_h5.png Graphic file (type png)
<use hydrationGUI_results_from_h5.png>
Package pdftex.def Info: hydrationGUI_results_from_h5.png  used on input line 3
060.
(pdftex.def)             Requested size: 301.12305pt x 196.7425pt.
 [33 <./hydrationGUI_ksigma.png> <./hydrationGUI_previous_results1.png>]

! Package inputenc Error: Unicode character Îº (U+03BA)
(inputenc)                not set up for use with LaTeX.

See the inputenc package documentation for explanation.
Type  H <return>  for immediate help.
 ...                                              
                                                  
l.3066 ...tandard deviations of the T1 fits and Îº
                                                  Ïƒ, including the imported...

? 

! Package inputenc Error: Unicode character Ïƒ (U+03C3)
(inputenc)                not set up for use with LaTeX.

See the inputenc package documentation for explanation.
Type  H <return>  for immediate help.
 ...                                              
                                                  
l.3066 ...ndard deviations of the T1 fits and ÎºÏƒ
                                                  , including the imported Î...

? 

! Package inputenc Error: Unicode character Îº (U+03BA)
(inputenc)                not set up for use with LaTeX.

See the inputenc package documentation for explanation.
Type  H <return>  for immediate help.
 ...                                              
                                                  
l.3066 ...fits and ÎºÏƒ, including the imported Îº
                                                  Ïƒ if a Workup was found.
? 

! Package inputenc Error: Unicode character Ïƒ (U+03C3)
(inputenc)                not set up for use with LaTeX.

See the inputenc package documentation for explanation.
Type  H <return>  for immediate help.
 ...                                              
                                                  
l.3066 ...ts and ÎºÏƒ, including the imported ÎºÏƒ
                                                   if a Workup was found.
? 
<hydrationGUI_terminal.png, id=500, 608.2725pt x 801.99625pt>
File: hydrationGUI_terminal.png Graphic file (type png)
<use hydrationGUI_terminal.png>
Package pdftex.def Info: hydrationGUI_terminal.png  used on input line 3072.
(pdftex.def)             Requested size: 301.12305pt x 397.0322pt.
[34 <./hydrationGUI_previous_results2.png> <./hydrationGUI_results_from_h5.png>
] [35 <./hydrationGUI_terminal.png>] [36

]
Chapter 2.
[37] [38

]
Chapter 3.
[39] [40

] [41


] (dnpLab.ind [42


]
Underfull \hbox (badness 10000) in paragraph at lines 14--15
[]\T1/pcr/m/n/10 array_coords() \T1/ptm/m/n/10 (\T1/ptm/m/it/10 in module
 []


Overfull \hbox (26.32137pt too wide) in paragraph at lines 26--28
[]\T1/pcr/m/n/10 coupling_factor \T1/ptm/m/n/10 (\T1/ptm/m/it/10 dnpLab.dnpHydr
ation.HydrationResults
 []


Underfull \hbox (badness 10000) in paragraph at lines 31--33
[]\T1/pcr/m/n/10 D_H2O \T1/ptm/m/n/10 (\T1/ptm/m/it/10 dnpLab.dnpHydration.Hydr
ationParameter
 []


Underfull \hbox (badness 10000) in paragraph at lines 33--34
[]\T1/pcr/m/n/10 D_SL \T1/ptm/m/n/10 (\T1/ptm/m/it/10 dnpLab.dnpHydration.Hydra
tionParameter
 []


Underfull \hbox (badness 10000) in paragraph at lines 35--36
[]\T1/pcr/m/n/10 dir_data_type() \T1/ptm/m/n/10 (\T1/ptm/m/it/10 in module
 []


Underfull \hbox (badness 10000) in paragraph at lines 36--37
[]\T1/pcr/m/n/10 Dlocal \T1/ptm/m/n/10 (\T1/ptm/m/it/10 dnpLab.dnpHydration.Hyd
rationResults
 []


Underfull \hbox (badness 10000) in paragraph at lines 59--61
[]\T1/pcr/m/n/10 E_power \T1/ptm/m/n/10 (\T1/ptm/m/it/10 dnpLab.dnpHydration.Hy
drationCalculator
 []


Underfull \hbox (badness 10000) in paragraph at lines 65--66
[]\T1/pcr/m/n/10 field \T1/ptm/m/n/10 (\T1/ptm/m/it/10 dnpLab.dnpHydration.Hydr
ationParameter
 []


Underfull \hbox (badness 10000) in paragraph at lines 66--68
[]\T1/pcr/m/n/10 find_group_delay() \T1/ptm/m/n/10 (\T1/ptm/m/it/10 in module
 []


Underfull \hbox (badness 10000) in paragraph at lines 69--70
[]\T1/pcr/m/n/10 fourier_transform() \T1/ptm/m/n/10 (\T1/ptm/m/it/10 in module
 []


Overfull \hbox (22.7713pt too wide) in paragraph at lines 74--76
[]\T1/pcr/m/n/10 get_ksigma() \T1/ptm/m/n/10 (\T1/ptm/m/it/10 dnpLab.dnpHydrati
on.HydrationCalculator
 []


Overfull \hbox (16.7713pt too wide) in paragraph at lines 76--78
[]\T1/pcr/m/n/10 get_tcorr() \T1/ptm/m/n/10 (\T1/ptm/m/it/10 dnpLab.dnpHydratio
n.HydrationCalculator
 []


Underfull \hbox (badness 10000) in paragraph at lines 78--80
[]\T1/pcr/m/n/10 get_uncorrected_xi()
 []


Underfull \hbox (badness 10000) in paragraph at lines 78--80
\T1/ptm/m/n/10 (\T1/ptm/m/it/10 dnpLab.dnpHydration.HydrationCalculator
 []


Underfull \hbox (badness 10000) in paragraph at lines 83--84
[]\T1/pcr/m/n/10 hp \T1/ptm/m/n/10 (\T1/ptm/m/it/10 dnpLab.dnpHydration.Hydrati
onCalculator
 []

[43

]
Underfull \hbox (badness 10000) in paragraph at lines 85--86
[]\T1/pcr/m/n/10 HydrationCalculator \T1/ptm/m/n/10 (\T1/ptm/m/it/10 class in
 []


Underfull \hbox (badness 10000) in paragraph at lines 86--87
[]\T1/pcr/m/n/10 HydrationParameter \T1/ptm/m/n/10 (\T1/ptm/m/it/10 class in
 []


Underfull \hbox (badness 10000) in paragraph at lines 95--96
[]\T1/pcr/m/n/10 import_procpar() \T1/ptm/m/n/10 (\T1/ptm/m/it/10 in module
 []


Underfull \hbox (badness 10000) in paragraph at lines 96--97
[]\T1/pcr/m/n/10 import_prospa() \T1/ptm/m/n/10 (\T1/ptm/m/it/10 in module
 []


Underfull \hbox (badness 10000) in paragraph at lines 97--99
[]\T1/pcr/m/n/10 import_prospa_dir() \T1/ptm/m/n/10 (\T1/ptm/m/it/10 in module
 []


Underfull \hbox (badness 10000) in paragraph at lines 99--100
[]\T1/pcr/m/n/10 import_ser() \T1/ptm/m/n/10 (\T1/ptm/m/it/10 in module
 []


Underfull \hbox (badness 10000) in paragraph at lines 100--101
[]\T1/pcr/m/n/10 import_topspin() \T1/ptm/m/n/10 (\T1/ptm/m/it/10 in module
 []


Underfull \hbox (badness 10000) in paragraph at lines 101--103
[]\T1/pcr/m/n/10 import_topspin_dir() \T1/ptm/m/n/10 (\T1/ptm/m/it/10 in module

 []


Underfull \hbox (badness 10000) in paragraph at lines 103--104
[]\T1/pcr/m/n/10 import_vnmrj() \T1/ptm/m/n/10 (\T1/ptm/m/it/10 in module
 []


Overfull \hbox (46.7713pt too wide) in paragraph at lines 107--109
[]\T1/pcr/m/n/10 interpolate_T1() \T1/ptm/m/n/10 (\T1/ptm/m/it/10 dnpLab.dnpHyd
ration.HydrationCalculator
 []


Overfull \hbox (26.32137pt too wide) in paragraph at lines 109--111
[]\T1/pcr/m/n/10 interpolated_T1 \T1/ptm/m/n/10 (\T1/ptm/m/it/10 dnpLab.dnpHydr
ation.HydrationResults
 []


Underfull \hbox (badness 10000) in paragraph at lines 117--118
[]\T1/pcr/m/n/10 klow \T1/ptm/m/n/10 (\T1/ptm/m/it/10 dnpLab.dnpHydration.Hydra
tionResults
 []


Overfull \hbox (3.25154pt too wide) in paragraph at lines 118--120
[]\T1/pcr/m/n/10 klow_bulk \T1/ptm/m/n/10 (\T1/ptm/m/it/10 dnpLab.dnpHydration.
HydrationParameter
 []


Overfull \hbox (26.32137pt too wide) in paragraph at lines 120--122
[]\T1/pcr/m/n/10 klow_bulk_ratio \T1/ptm/m/n/10 (\T1/ptm/m/it/10 dnpLab.dnpHydr
ation.HydrationResults
 []


Underfull \hbox (badness 10000) in paragraph at lines 122--123
[]\T1/pcr/m/n/10 krho \T1/ptm/m/n/10 (\T1/ptm/m/it/10 dnpLab.dnpHydration.Hydra
tionResults
 []


Underfull \hbox (badness 10000) in paragraph at lines 123--124
[]\T1/pcr/m/n/10 ksigma \T1/ptm/m/n/10 (\T1/ptm/m/it/10 dnpLab.dnpHydration.Hyd
rationResults
 []


Overfull \hbox (8.32137pt too wide) in paragraph at lines 124--126
[]\T1/pcr/m/n/10 ksigma_array \T1/ptm/m/n/10 (\T1/ptm/m/it/10 dnpLab.dnpHydrati
on.HydrationResults
 []


Overfull \hbox (15.25154pt too wide) in paragraph at lines 126--128
[]\T1/pcr/m/n/10 ksigma_bulk \T1/ptm/m/n/10 (\T1/ptm/m/it/10 dnpLab.dnpHydratio
n.HydrationParameter
 []


Underfull \hbox (badness 10000) in paragraph at lines 128--130
[]\T1/pcr/m/n/10 ksigma_bulk_ratio
 []


Underfull \hbox (badness 10000) in paragraph at lines 128--130
\T1/ptm/m/n/10 (\T1/ptm/m/it/10 dnpLab.dnpHydration.HydrationResults
 []


Overfull \hbox (2.32137pt too wide) in paragraph at lines 132--134
[]\T1/pcr/m/n/10 ksigma_stdd \T1/ptm/m/n/10 (\T1/ptm/m/it/10 dnpLab.dnpHydratio
n.HydrationResults
 []


Underfull \hbox (badness 10000) in paragraph at lines 139--140
[]\T1/pcr/m/n/10 load_title() \T1/ptm/m/n/10 (\T1/ptm/m/it/10 in module
 []


Underfull \hbox (badness 10000) in paragraph at lines 172--174
[]\T1/pcr/m/n/10 results \T1/ptm/m/n/10 (\T1/ptm/m/it/10 dnpLab.dnpHydration.Hy
drationCalculator
 []


Underfull \hbox (badness 10000) in paragraph at lines 174--175
[]\T1/pcr/m/n/10 run() \T1/ptm/m/n/10 (\T1/ptm/m/it/10 dnpLab.dnpHydration.Hydr
ationCalculator
 []

[44]
Overfull \hbox (21.25154pt too wide) in paragraph at lines 180--182
[]\T1/pcr/m/n/10 smax_model() \T1/ptm/m/n/10 (\T1/ptm/m/it/10 dnpLab.dnpHydrati
on.HydrationParameter
 []


Underfull \hbox (badness 10000) in paragraph at lines 185--187
[]\T1/pcr/m/n/10 spin_C \T1/ptm/m/n/10 (\T1/ptm/m/it/10 dnpLab.dnpHydration.Hyd
rationParameter
 []


Underfull \hbox (badness 10000) in paragraph at lines 192--193
[]\T1/pcr/m/n/10 T1 \T1/ptm/m/n/10 (\T1/ptm/m/it/10 dnpLab.dnpHydration.Hydrati
onCalculator
 []


Underfull \hbox (badness 10000) in paragraph at lines 193--194
[]\T1/pcr/m/n/10 T10 \T1/ptm/m/n/10 (\T1/ptm/m/it/10 dnpLab.dnpHydration.Hydrat
ionParameter
 []


Underfull \hbox (badness 10000) in paragraph at lines 194--195
[]\T1/pcr/m/n/10 T100 \T1/ptm/m/n/10 (\T1/ptm/m/it/10 dnpLab.dnpHydration.Hydra
tionParameter
 []


Underfull \hbox (badness 10000) in paragraph at lines 195--197
[]\T1/pcr/m/n/10 t1_interp_method()
 []


Underfull \hbox (badness 10000) in paragraph at lines 195--197
\T1/ptm/m/n/10 (\T1/ptm/m/it/10 dnpLab.dnpHydration.HydrationParameter
 []


Underfull \hbox (badness 10000) in paragraph at lines 200--201
[]\T1/pcr/m/n/10 tcorr \T1/ptm/m/n/10 (\T1/ptm/m/it/10 dnpLab.dnpHydration.Hydr
ationResults
 []


Overfull \hbox (9.25154pt too wide) in paragraph at lines 201--203
[]\T1/pcr/m/n/10 tcorr_bulk \T1/ptm/m/n/10 (\T1/ptm/m/it/10 dnpLab.dnpHydration
.HydrationParameter
 []


Overfull \hbox (32.32137pt too wide) in paragraph at lines 203--205
[]\T1/pcr/m/n/10 tcorr_bulk_ratio \T1/ptm/m/n/10 (\T1/ptm/m/it/10 dnpLab.dnpHyd
ration.HydrationResults
 []


Underfull \hbox (badness 10000) in paragraph at lines 205--206
[]\T1/pcr/m/n/10 topspin_fid() \T1/ptm/m/n/10 (\T1/ptm/m/it/10 in module
 []


Underfull \hbox (badness 10000) in paragraph at lines 206--208
[]\T1/pcr/m/n/10 topspin_jcamp_dx() \T1/ptm/m/n/10 (\T1/ptm/m/it/10 in module
 []


Underfull \hbox (badness 10000) in paragraph at lines 208--210
[]\T1/pcr/m/n/10 topspin_ser_phase_cycle() \T1/ptm/m/n/10 (\T1/ptm/m/it/10 in m
odule
 []


Underfull \hbox (badness 10000) in paragraph at lines 210--211
[]\T1/pcr/m/n/10 topspin_vdlist() \T1/ptm/m/n/10 (\T1/ptm/m/it/10 in module
 []


Overfull \hbox (20.32137pt too wide) in paragraph at lines 214--216
[]\T1/pcr/m/n/10 uncorrected_Ep \T1/ptm/m/n/10 (\T1/ptm/m/it/10 dnpLab.dnpHydra
tion.HydrationResults
 []


Underfull \hbox (badness 10000) in paragraph at lines 217--218
[]\T1/pcr/m/n/10 update_parameters() \T1/ptm/m/n/10 (\T1/ptm/m/it/10 in module
 []

[45])
Package atveryend Info: Empty hook `BeforeClearDocument' on input line 3127.
Package atveryend Info: Empty hook `AfterLastShipout' on input line 3127.
 (dnpLab.aux)
Package atveryend Info: Executing hook `AtVeryEndDocument' on input line 3127.
Package atveryend Info: Executing hook `AtEndAfterFileList' on input line 3127.



Package rerunfilecheck Warning: File `dnpLab.out' has changed.
(rerunfilecheck)                Rerun to get outlines right
(rerunfilecheck)                or use package `bookmark'.

Package rerunfilecheck Info: Checksums for `dnpLab.out':
(rerunfilecheck)             Before: 15C6EA5A3A556A9D54AA1545C6FF0585;1703
(rerunfilecheck)             After:  0E22296146EAF543981FAB8B6330177C;1775.
Package atveryend Info: Empty hook `AtVeryVeryEnd' on input line 3127.
 ) 
Here is how much of TeX's memory you used:
 14062 strings out of 482859
 212379 string characters out of 2950874
 490378 words of memory out of 3000000
 29080 multiletter control sequences out of 15000+200000
 588579 words of font info for 95 fonts, out of 3000000 for 9000
 1 hyphenation exception out of 8191
 38i,15n,49p,753b,667s stack positions out of 5000i,500n,10000p,200000b,50000s
{/Users/tmaly/Library/Application Support/MiKTeX/texmfs/install/fonts/enc/dvi
ps/base/8r.enc} </Users/tmaly/Library/Application Support/MiKTeX/texmfs/data/fo
nts/pk/ljfour/jknappen/ec/dpi600/tcrm1000.pk></Users/tmaly/Library/Application 
Support/MiKTeX/texmfs/install/fonts/type1/public/amsfonts/cm/cmmi10.pfb></Users
/tmaly/Library/Application Support/MiKTeX/texmfs/install/fonts/type1/public/ams
fonts/cm/cmmi5.pfb></Users/tmaly/Library/Application Support/MiKTeX/texmfs/inst
all/fonts/type1/public/amsfonts/cm/cmmi7.pfb></Users/tmaly/Library/Application 
Support/MiKTeX/texmfs/install/fonts/type1/public/amsfonts/cm/cmr10.pfb></Users/
tmaly/Library/Application Support/MiKTeX/texmfs/install/fonts/type1/public/amsf
onts/cm/cmr5.pfb></Users/tmaly/Library/Application Support/MiKTeX/texmfs/instal
l/fonts/type1/public/amsfonts/cm/cmr7.pfb></Users/tmaly/Library/Application Sup
port/MiKTeX/texmfs/install/fonts/type1/public/amsfonts/cm/cmsy10.pfb></Users/tm
aly/Library/Application Support/MiKTeX/texmfs/install/fonts/type1/public/amsfon
ts/cm/cmsy5.pfb></Users/tmaly/Library/Application Support/MiKTeX/texmfs/install
/fonts/type1/public/amsfonts/cm/cmsy7.pfb></Users/tmaly/Library/Application Sup
port/MiKTeX/texmfs/install/fonts/type1/urw/courier/ucrb8a.pfb></Users/tmaly/Lib
rary/Application Support/MiKTeX/texmfs/install/fonts/type1/urw/courier/ucrbo8a.
pfb></Users/tmaly/Library/Application Support/MiKTeX/texmfs/install/fonts/type1
/urw/courier/ucrr8a.pfb></Users/tmaly/Library/Application Support/MiKTeX/texmfs
/install/fonts/type1/urw/courier/ucrro8a.pfb></Users/tmaly/Library/Application 
Support/MiKTeX/texmfs/install/fonts/type1/urw/helvetic/uhvb8a.pfb></Users/tmaly
/Library/Application Support/MiKTeX/texmfs/install/fonts/type1/urw/helvetic/uhv
bo8a.pfb></Users/tmaly/Library/Application Support/MiKTeX/texmfs/install/fonts/
type1/urw/helvetic/uhvr8a.pfb></Users/tmaly/Library/Application Support/MiKTeX/
texmfs/install/fonts/type1/urw/times/utmb8a.pfb></Users/tmaly/Library/Applicati
on Support/MiKTeX/texmfs/install/fonts/type1/urw/times/utmr8a.pfb></Users/tmaly
/Library/Application Support/MiKTeX/texmfs/install/fonts/type1/urw/times/utmri8
a.pfb>
Output written on dnpLab.pdf (49 pages, 2873868 bytes).
PDF statistics:
 816 PDF objects out of 1000 (max. 8388607)
 244 named destinations out of 1000 (max. 500000)
 216 words of extra memory for PDF output out of 10000 (max. 10000000)

